#
# A fatal error has been detected by the Java Runtime Environment:
#
#  Internal Error (classFileParser.cpp:3494), pid=11652, tid=10212
#  Error: ShouldNotReachHere()
#
# JRE version: 6.0_45-b06
# Java VM: Java HotSpot(TM) 64-Bit Server VM (20.45-b01 mixed mode windows-amd64 compressed oops)
# If you would like to submit a bug report, please visit:
#   http://java.sun.com/webapps/bugreport/crash.jsp
#

---------------  T H R E A D  ---------------

Current thread (0x00000000005db800):  JavaThread "Unknown thread" [_thread_in_vm, id=10212, stack(0x00000000025d0000,0x00000000026d0000)]

Stack: [0x00000000025d0000,0x00000000026d0000]
[error occurred during error reporting (printing stack bounds), id 0xc0000005]


---------------  P R O C E S S  ---------------

Java Threads: ( => current thread )

Other Threads:

=>0x00000000005db800 (exited) JavaThread "Unknown thread" [_thread_in_vm, id=10212, stack(0x00000000025d0000,0x00000000026d0000)]

VM state:not at safepoint (not fully initialized)

VM Mutex/Monitor currently owned by a thread: None

Dynamic libraries:
0x0000000000400000 - 0x000000000042f000 	G:\Install_path\Jdk6u45\bin\javaw.exe
0x0000000077720000 - 0x00000000778c9000 	C:\Windows\SYSTEM32\ntdll.dll
0x0000000077040000 - 0x000000007715f000 	C:\Windows\system32\kernel32.dll
0x000007fefdc70000 - 0x000007fefdcdc000 	C:\Windows\system32\KERNELBASE.dll
0x000007fefe600000 - 0x000007fefe6db000 	C:\Windows\system32\ADVAPI32.dll
0x000007fefe560000 - 0x000007fefe5ff000 	C:\Windows\system32\msvcrt.dll
0x000007fefe930000 - 0x000007fefe94f000 	C:\Windows\SYSTEM32\sechost.dll
0x000007feff900000 - 0x000007feffa2d000 	C:\Windows\system32\RPCRT4.dll
0x00000000772c0000 - 0x00000000773ba000 	C:\Windows\system32\USER32.dll
0x000007fefe470000 - 0x000007fefe4d7000 	C:\Windows\system32\GDI32.dll
0x000007fefe0d0000 - 0x000007fefe0de000 	C:\Windows\system32\LPK.dll
0x000007fefe860000 - 0x000007fefe929000 	C:\Windows\system32\USP10.dll
0x000007feff8d0000 - 0x000007feff8fe000 	C:\Windows\system32\IMM32.DLL
0x000007fefdf70000 - 0x000007fefe079000 	C:\Windows\system32\MSCTF.dll
0x000007fefdb40000 - 0x000007fefdb80000 	C:\Windows\system32\nvinitx.dll
0x000000006d8e0000 - 0x000000006e09c000 	G:\Install_path\Jdk6u45\jre\bin\server\jvm.dll
0x000007fefbd80000 - 0x000007fefbdbb000 	C:\Windows\system32\WINMM.dll
0x000000006d850000 - 0x000000006d85e000 	G:\Install_path\Jdk6u45\jre\bin\verify.dll
0x000000006d460000 - 0x000000006d487000 	G:\Install_path\Jdk6u45\jre\bin\java.dll
0x000000006d8a0000 - 0x000000006d8b2000 	G:\Install_path\Jdk6u45\jre\bin\zip.dll
0x00000000778e0000 - 0x00000000778e7000 	C:\Windows\system32\PSAPI.DLL

VM Arguments:
jvm_args: -Dfile.encoding=UTF-8 -Xbootclasspath:E:\dev_space\adt-bundle-windows-x86_64-20130917\sdk\platforms\android-18\android.jar 
java_command: com.trible.scontact.utils.StringUtil
Launcher Type: SUN_STANDARD

Environment Variables:
JAVA_HOME=G:\Install_path\Jdk6u45
PATH=G:/Install_path/Jdk6u45/bin/../jre/bin/server;G:/Install_path/Jdk6u45/bin/../jre/bin;G:/Install_path/Jdk6u45/bin/../jre/lib/amd64;C:\Windows\system32;C:\Windows;C:\Windows\System32\Wbem;C:\Windows\System32\WindowsPowerShell\v1.0\;G:\Install_path\Git\cmd;G:\Install_path\Jdk6u45\bin;E:\dev_space\adt-bundle-windows-x86_64-20130917\sdk\tools;E:\dev_space\adt-bundle-windows-x86_64-20130917\sdk\platform-tools;G:\Install_path\MySQL\MySQL Utilities 1.3.6\;G:\Install_path\MySQL\MySQL Server 5.6\bin;G:\Install_path\Apache Software Foundation\Tomcat 7.0\bin;G:\Install_path\Python27;E:\dev_space\adt-bundle-windows-x86_64-20130917\eclipse;
USERNAME=Trible Chen
OS=Windows_NT
PROCESSOR_IDENTIFIER=Intel64 Family 6 Model 58 Stepping 9, GenuineIntel



---------------  S Y S T E M  ---------------

OS: Windows 7 , 64 bit Build 7601 Service Pack 1

CPU:total 4 (2 cores per cpu, 2 threads per core) family 6 model 58 stepping 9, cmov, cx8, fxsr, mmx, sse, sse2, sse3, ssse3, sse4.1, sse4.2, popcnt, ht

Memory: 4k page, physical 8201828k(2022708k free), swap 16401812k(8592856k free)

vm_info: Java HotSpot(TM) 64-Bit Server VM (20.45-b01) for windows-amd64 JRE (1.6.0_45-b06), built on Apr  1 2013 12:31:37 by "java_re" with MS VC++ 8.0 (VS2005)

time: Thu May 08 20:26:37 2014
elapsed time: 0 seconds

